a) There are 4 arguments:
0 ./processes/a
1 02.11.2000
2 Yezghor
3 Vitaliy
a) There are 4 arguments:
0 ./processes/a
1 02.11.2000
2 Yezghor
3 Vitaliy
a) There are 4 arguments:
0 ./processes/a
1 02.11.2000
2 Yezghor
3 Vitaliy
a) There are 4 arguments:
0 ./processes/a
1 02.11.2000
2 Yezghor
3 Vitaliy
a) There are 4 arguments:
0 ./processes/a
1 02.11.2000
2 Yezghor
3 Vitaliy
a) There are 4 arguments:
0 ./processes/a
1 02.11.2000
2 Yezghor
3 Vitaliy
a) There are 4 arguments:
0 ./processes/a
1 1
2 a
3 example_app1
a) There are 4 arguments:
0 ./processes/a
1 1
2 a
3 example_app1
a) There are 4 arguments:
0 ./processes/a
1 1
2 a
3 example_app1
a) There are 4 arguments:
0 ./processes/a
1 1
2 a
3 example_app1
a) There are 4 arguments:
0 ./processes/a
1 1
2 a
3 example_app1
a) There are 4 arguments:
0 ./processes/a
1 1
2 a
3 example_app1
a) There are 4 arguments:
0 ./processes/a
1 1
2 a
3 example_app1
a) There are 4 arguments:
0 ./processes/a
1 1
2 a
3 example_app1
